<?xml version="1.0" encoding="UTF-8"?>
<!-- Generated by org.testng.reporters.JUnitReportReporter -->
<testsuite hostname="HbpSoft" failures="0" tests="1" name="com.test.DockerStatusTest.Apollo2_iipsrv_Docker" time="0.850" errors="0" timestamp="2024-03-20T10:48:08 IST" skipped="0">
  <testcase classname="com.test.DockerStatusTest.Apollo2_iipsrv_Docker" name="containerStatus" time="0.850"/>
  <system-out/>
</testsuite> <!-- com.test.DockerStatusTest.Apollo2_iipsrv_Docker -->
