<?xml version="1.0" encoding="UTF-8"?>
<!-- Generated by org.testng.reporters.JUnitReportReporter -->
<testsuite hostname="HbpSoft" failures="0" tests="2" name="com.test.DockerStatusTest.SignificantSection_Docker" time="2.045" errors="0" timestamp="2024-03-20T09:32:39 IST" skipped="0">
  <testcase classname="com.test.DockerStatusTest.SignificantSection_Docker" name="pingWeb" time="0.067"/>
  <system-out/>
  <testcase classname="com.test.DockerStatusTest.SignificantSection_Docker" name="containerStatus" time="1.978"/>
  <system-out/>
</testsuite> <!-- com.test.DockerStatusTest.SignificantSection_Docker -->
