<?xml version="1.0" encoding="UTF-8"?>
<!-- Generated by org.testng.reporters.JUnitReportReporter -->
<testsuite hostname="HbpSoft" failures="0" tests="1" name="com.test.DockerStatusTest.Apollo2_mysql_Docker" time="0.705" errors="0" timestamp="2024-03-20T11:54:25 IST" skipped="0">
  <testcase classname="com.test.DockerStatusTest.Apollo2_mysql_Docker" name="MySql_DB_Status" time="0.705"/>
  <system-out/>
</testsuite> <!-- com.test.DockerStatusTest.Apollo2_mysql_Docker -->
