<?xml version="1.0" encoding="UTF-8"?>
<!-- Generated by org.testng.reporters.JUnitReportReporter -->
<testsuite hostname="HbpSoft" failures="0" tests="1" name="com.test.DockerStatusTest.IITM_Phpmyadmin_Docker" time="0.729" errors="0" timestamp="2024-03-21T09:24:07 IST" skipped="0">
  <testcase classname="com.test.DockerStatusTest.IITM_Phpmyadmin_Docker" name="phpmyadmin_Status" time="0.729"/>
  <system-out/>
</testsuite> <!-- com.test.DockerStatusTest.IITM_Phpmyadmin_Docker -->
