<?xml version="1.0" encoding="UTF-8"?>
<!-- Generated by org.testng.reporters.JUnitReportReporter -->
<testsuite hostname="HbpSoft" failures="0" tests="1" name="com.test.DockerStatusTest.Apollo2_jenkins_Docker" time="0.707" errors="0" timestamp="2024-03-20T11:09:55 IST" skipped="0">
  <testcase classname="com.test.DockerStatusTest.Apollo2_jenkins_Docker" name="Jenkins_Status" time="0.707"/>
  <system-out/>
</testsuite> <!-- com.test.DockerStatusTest.Apollo2_jenkins_Docker -->
