<?xml version="1.0" encoding="UTF-8"?>
<!-- Generated by org.testng.reporters.JUnitReportReporter -->
<testsuite hostname="HbpSoft" failures="0" tests="1" name="com.test.DockerStatusTest.Colab_liveweb_Docker" time="0.688" errors="0" timestamp="2024-03-20T16:29:14 IST" skipped="0">
  <testcase classname="com.test.DockerStatusTest.Colab_liveweb_Docker" name="stagin_web_Status" time="0.688"/>
  <system-out/>
</testsuite> <!-- com.test.DockerStatusTest.Colab_liveweb_Docker -->
