<?xml version="1.0" encoding="UTF-8"?>
<!-- Generated by org.testng.reporters.JUnitReportReporter -->
<testsuite hostname="HbpSoft" failures="0" tests="1" name="com.test.DockerStatusTest.IITM_liveweb_Docker" time="0.689" errors="0" timestamp="2024-03-20T17:51:35 IST" skipped="0">
  <testcase classname="com.test.DockerStatusTest.IITM_liveweb_Docker" name="liveserver_web_Status" time="0.689"/>
  <system-out/>
</testsuite> <!-- com.test.DockerStatusTest.IITM_liveweb_Docker -->
