<?xml version="1.0" encoding="UTF-8"?>
<!-- Generated by org.testng.reporters.JUnitReportReporter -->
<testsuite hostname="HbpSoft" failures="0" tests="1" name="com.test.DockerStatusTest.Colab_mysql_Docker" time="0.688" errors="0" timestamp="2024-03-20T17:44:05 IST" skipped="0">
  <testcase classname="com.test.DockerStatusTest.Colab_mysql_Docker" name="mysql_db_Status" time="0.688"/>
  <system-out/>
</testsuite> <!-- com.test.DockerStatusTest.Colab_mysql_Docker -->
