<?xml version="1.0" encoding="UTF-8"?>
<!-- Generated by org.testng.reporters.JUnitReportReporter -->
<testsuite hostname="HbpSoft" failures="0" tests="1" name="com.test.DockerStatusTest.public_significantsection_Docker" time="2.487" errors="0" timestamp="2024-03-20T10:34:59 IST" skipped="0">
  <testcase classname="com.test.DockerStatusTest.public_significantsection_Docker" name="SignificantProcess_Status" time="2.487"/>
  <system-out/>
</testsuite> <!-- com.test.DockerStatusTest.public_significantsection_Docker -->
