<?xml version="1.0" encoding="UTF-8"?>
<!-- Generated by org.testng.reporters.JUnitReportReporter -->
<testsuite hostname="HbpSoft" failures="0" tests="1" name="com.test.DockerStatusTest.IITM_iipsrv_Docker" time="0.673" errors="0" timestamp="2024-03-20T17:55:57 IST" skipped="0">
  <testcase classname="com.test.DockerStatusTest.IITM_iipsrv_Docker" name="iipsrv_Status" time="0.673"/>
  <system-out/>
</testsuite> <!-- com.test.DockerStatusTest.IITM_iipsrv_Docker -->
