<?xml version="1.0" encoding="UTF-8"?>
<!-- Generated by org.testng.reporters.JUnitReportReporter -->
<testsuite hostname="HbpSoft" failures="0" tests="1" name="com.test.DockerStatusTest.Apollo2_phpmyadmin_Docker" time="0.698" errors="0" timestamp="2024-03-20T15:44:51 IST" skipped="0">
  <testcase classname="com.test.DockerStatusTest.Apollo2_phpmyadmin_Docker" name="phpMyAdmin_Status" time="0.698"/>
  <system-out/>
</testsuite> <!-- com.test.DockerStatusTest.Apollo2_phpmyadmin_Docker -->
