<?xml version="1.0" encoding="UTF-8"?>
<!-- Generated by org.testng.reporters.JUnitReportReporter -->
<testsuite hostname="HbpSoft" failures="0" tests="1" name="com.test.DockerStatusTest.Colab_phpmyadmin_Docker" time="0.665" errors="0" timestamp="2024-03-20T17:32:07 IST" skipped="0">
  <testcase classname="com.test.DockerStatusTest.Colab_phpmyadmin_Docker" name="phpmyadmin_Status" time="0.665"/>
  <system-out/>
</testsuite> <!-- com.test.DockerStatusTest.Colab_phpmyadmin_Docker -->
