<?xml version="1.0" encoding="UTF-8"?>
<!-- Generated by org.testng.reporters.JUnitReportReporter -->
<testsuite hostname="HbpSoft" failures="0" tests="1" name="com.test.DockerStatusTest.Colab_iipsrv_Docker" time="0.685" errors="0" timestamp="2024-03-20T17:38:17 IST" skipped="0">
  <testcase classname="com.test.DockerStatusTest.Colab_iipsrv_Docker" name="iipsrv_Status" time="0.685"/>
  <system-out/>
</testsuite> <!-- com.test.DockerStatusTest.Colab_iipsrv_Docker -->
