<?xml version="1.0" encoding="UTF-8"?>
<!-- Generated by org.testng.reporters.JUnitReportReporter -->
<testsuite hostname="HbpSoft" failures="0" tests="1" name="com.test.DockerStatusTest.IITM_mysql_Docker" time="0.730" errors="0" timestamp="2024-03-21T09:34:35 IST" skipped="0">
  <testcase classname="com.test.DockerStatusTest.IITM_mysql_Docker" name="MySql_DB_Status" time="0.730"/>
  <system-out/>
</testsuite> <!-- com.test.DockerStatusTest.IITM_mysql_Docker -->
